生成启动时间为 2020/2/13 21:38:12。
     1>项目“F:\C\exercise_01\string_bug\reverse_string\reverse_string\reverse_string.vcxproj”在节点 2 上(build 个目标)。
     1>InitializeBuildStatus:
         正在创建“Debug\reverse_string.unsuccessfulbuild”，因为已指定“AlwaysCreate”。
       ClCompile:
         D:\Program Files (x86)\Microsoft Visual Studio 10.0\VC\bin\CL.exe /c /ZI /nologo /W3 /WX- /Od /Oy- /D _MBCS /Gm /EHsc /RTC1 /MDd /GS /fp:precise /Zc:wchar_t /Zc:forScope /Fo"Debug\\" /Fd"Debug\vc100.pdb" /Gd /TC /analyze- /errorReport:prompt main.c
         main.c
     1>f:\c\exercise_01\string_bug\reverse_string\reverse_string\main.c(17): warning C4013: “system”未定义；假设外部返回 int
       Link:
         D:\Program Files (x86)\Microsoft Visual Studio 10.0\VC\bin\link.exe /ERRORREPORT:PROMPT /OUT:"F:\C\exercise_01\string_bug\reverse_string\Debug\reverse_string.exe" /NOLOGO kernel32.lib user32.lib gdi32.lib winspool.lib comdlg32.lib advapi32.lib shell32.lib ole32.lib oleaut32.lib uuid.lib odbc32.lib odbccp32.lib /MANIFEST /ManifestFile:"Debug\reverse_string.exe.intermediate.manifest" /MANIFESTUAC:"level='asInvoker' uiAccess='false'" /DEBUG /PDB:"F:\C\exercise_01\string_bug\reverse_string\Debug\reverse_string.pdb" /TLBID:1 /DYNAMICBASE /NXCOMPAT /IMPLIB:"F:\C\exercise_01\string_bug\reverse_string\Debug\reverse_string.lib" /MACHINE:X86 Debug\main.obj
         LINK : 没有找到 F:\C\exercise_01\string_bug\reverse_string\Debug\reverse_string.exe 或上一个增量链接没有生成它；正在执行完全链接
         reverse_string.vcxproj -> F:\C\exercise_01\string_bug\reverse_string\Debug\reverse_string.exe
       Manifest:
         C:\Program Files (x86)\Microsoft SDKs\Windows\v7.0A\bin\mt.exe /nologo /verbose /outputresource:"F:\C\exercise_01\string_bug\reverse_string\Debug\reverse_string.exe;#1" /manifest Debug\reverse_string.exe.intermediate.manifest
       FinalizeBuildStatus:
         正在删除文件“Debug\reverse_string.unsuccessfulbuild”。
         正在对“Debug\reverse_string.lastbuildstate”执行 Touch 任务。
     1>已完成生成项目“F:\C\exercise_01\string_bug\reverse_string\reverse_string\reverse_string.vcxproj”(build 个目标)的操作。

生成成功。

已用时间 00:00:00.65
